  [1m[35m (3.0ms)[0m  [1m[34mSELECT sqlite_version(*)[0m
  ↳ bin/rails:9
  [1m[35m (7.1ms)[0m  [1m[35mCREATE TABLE "schema_migrations" ("version" varchar NOT NULL PRIMARY KEY)[0m
  ↳ bin/rails:9
  [1m[35m (3.9ms)[0m  [1m[35mCREATE TABLE "ar_internal_metadata" ("key" varchar NOT NULL PRIMARY KEY, "value" varchar, "created_at" datetime NOT NULL, "updated_at" datetime NOT NULL)[0m
  ↳ bin/rails:9
  [1m[35m (0.3ms)[0m  [1m[34mSELECT "schema_migrations"."version" FROM "schema_migrations" ORDER BY "schema_migrations"."version" ASC[0m
  ↳ bin/rails:9
Migrating to CreateTodoItems (20180522033946)
  [1m[35m (0.2ms)[0m  [1m[36mbegin transaction[0m
  ↳ bin/rails:9
  [1m[35m (2.7ms)[0m  [1m[35mCREATE TABLE "todo_items" ("id" integer PRIMARY KEY AUTOINCREMENT NOT NULL, "description" varchar, "created_at" datetime NOT NULL, "updated_at" datetime NOT NULL)[0m
  ↳ db/migrate/20180522033946_create_todo_items.rb:3
  [1m[36mActiveRecord::SchemaMigration Create (0.4ms)[0m  [1m[32mINSERT INTO "schema_migrations" ("version") VALUES (?)[0m  [["version", "20180522033946"]]
  ↳ bin/rails:9
  [1m[35m (3.0ms)[0m  [1m[36mcommit transaction[0m
  ↳ bin/rails:9
  [1m[36mActiveRecord::InternalMetadata Load (0.3ms)[0m  [1m[34mSELECT  "ar_internal_metadata".* FROM "ar_internal_metadata" WHERE "ar_internal_metadata"."key" = ? LIMIT ?[0m  [["key", "environment"], ["LIMIT", 1]]
  ↳ bin/rails:9
  [1m[35m (0.1ms)[0m  [1m[36mbegin transaction[0m
  ↳ bin/rails:9
  [1m[36mActiveRecord::InternalMetadata Create (2.6ms)[0m  [1m[32mINSERT INTO "ar_internal_metadata" ("key", "value", "created_at", "updated_at") VALUES (?, ?, ?, ?)[0m  [["key", "environment"], ["value", "development"], ["created_at", "2018-05-22 03:41:59.515741"], ["updated_at", "2018-05-22 03:41:59.515741"]]
  ↳ bin/rails:9
  [1m[35m (10.7ms)[0m  [1m[36mcommit transaction[0m
  ↳ bin/rails:9
  [1m[35m (0.2ms)[0m  [1m[34mSELECT "schema_migrations"."version" FROM "schema_migrations" ORDER BY "schema_migrations"."version" ASC[0m
  ↳ bin/rails:9
Started GET "/todo_items" for 127.0.0.1 at 2018-05-21 23:46:35 -0400
  [1m[35m (0.3ms)[0m  [1m[34mSELECT "schema_migrations"."version" FROM "schema_migrations" ORDER BY "schema_migrations"."version" ASC[0m
  ↳ /usr/local/lib/ruby/gems/2.5.0/gems/activerecord-5.2.0/lib/active_record/log_subscriber.rb:98
Processing by TodoItemsController#index as HTML
  Rendering todo_items/index.html.erb within layouts/application
  [1m[36mTodoItem Load (0.3ms)[0m  [1m[34mSELECT "todo_items".* FROM "todo_items"[0m
  ↳ app/views/todo_items/index.html.erb:14
  Rendered todo_items/index.html.erb within layouts/application (8.7ms)
Completed 200 OK in 713ms (Views: 684.9ms | ActiveRecord: 0.8ms)


Started GET "/todo_items/new" for 127.0.0.1 at 2018-05-21 23:46:53 -0400
Processing by TodoItemsController#new as HTML
  Rendering todo_items/new.html.erb within layouts/application
  Rendered todo_items/_form.html.erb (53.6ms)
  Rendered todo_items/new.html.erb within layouts/application (58.5ms)
Completed 200 OK in 124ms (Views: 109.7ms | ActiveRecord: 0.8ms)


Started POST "/todo_items" for 127.0.0.1 at 2018-05-21 23:50:19 -0400
Processing by TodoItemsController#create as HTML
  Parameters: {"utf8"=>"✓", "authenticity_token"=>"YMD5Hq4Z/5GPKWTGE62wV2r98orVm+Qw7rw7io0l3vGaaSIr3n5JDeRgmuJvOXW4B/TauM/hc3GfYWzl4BSpwg==", "todo_item"=>{"description"=>"Get er done"}, "commit"=>"Create Todo item"}
  [1m[35m (0.1ms)[0m  [1m[36mbegin transaction[0m
  ↳ app/controllers/todo_items_controller.rb:30
  [1m[36mTodoItem Create (0.9ms)[0m  [1m[32mINSERT INTO "todo_items" ("description", "created_at", "updated_at") VALUES (?, ?, ?)[0m  [["description", "Get er done"], ["created_at", "2018-05-22 03:50:19.167133"], ["updated_at", "2018-05-22 03:50:19.167133"]]
  ↳ app/controllers/todo_items_controller.rb:30
  [1m[35m (2.9ms)[0m  [1m[36mcommit transaction[0m
  ↳ app/controllers/todo_items_controller.rb:30
Redirected to http://localhost:3000/todo_items/1
Completed 302 Found in 10ms (ActiveRecord: 3.9ms)


Started GET "/todo_items/1" for 127.0.0.1 at 2018-05-21 23:50:19 -0400
Processing by TodoItemsController#show as HTML
  Parameters: {"id"=>"1"}
  [1m[36mTodoItem Load (0.4ms)[0m  [1m[34mSELECT  "todo_items".* FROM "todo_items" WHERE "todo_items"."id" = ? LIMIT ?[0m  [["id", 1], ["LIMIT", 1]]
  ↳ app/controllers/todo_items_controller.rb:67
  Rendering todo_items/show.html.erb within layouts/application
  Rendered todo_items/show.html.erb within layouts/application (1.2ms)
Completed 200 OK in 47ms (Views: 33.9ms | ActiveRecord: 0.4ms)


Started GET "/todo_items" for 127.0.0.1 at 2018-05-21 23:50:22 -0400
Processing by TodoItemsController#index as HTML
  Rendering todo_items/index.html.erb within layouts/application
  [1m[36mTodoItem Load (0.3ms)[0m  [1m[34mSELECT "todo_items".* FROM "todo_items"[0m
  ↳ app/views/todo_items/index.html.erb:14
  Rendered todo_items/index.html.erb within layouts/application (3.0ms)
Completed 200 OK in 75ms (Views: 68.3ms | ActiveRecord: 0.3ms)


Started DELETE "/todo_items/1" for 127.0.0.1 at 2018-05-21 23:50:26 -0400
Processing by TodoItemsController#destroy as HTML
  Parameters: {"authenticity_token"=>"MU5BaQU9hGjyeLP4r2e7hSFKKF3a3q9cQztg/++gZj2iQeCgG2ItVhDs8vwmKRiNFHJ04HOZR0kblM9Kv7lMIw==", "id"=>"1"}
  [1m[36mTodoItem Load (0.3ms)[0m  [1m[34mSELECT  "todo_items".* FROM "todo_items" WHERE "todo_items"."id" = ? LIMIT ?[0m  [["id", 1], ["LIMIT", 1]]
  ↳ app/controllers/todo_items_controller.rb:67
  [1m[35m (0.1ms)[0m  [1m[36mbegin transaction[0m
  ↳ app/controllers/todo_items_controller.rb:57
  [1m[36mTodoItem Destroy (0.9ms)[0m  [1m[31mDELETE FROM "todo_items" WHERE "todo_items"."id" = ?[0m  [["id", 1]]
  ↳ app/controllers/todo_items_controller.rb:57
  [1m[35m (2.7ms)[0m  [1m[36mcommit transaction[0m
  ↳ app/controllers/todo_items_controller.rb:57
Redirected to http://localhost:3000/todo_items
Completed 302 Found in 10ms (ActiveRecord: 4.0ms)


Started GET "/todo_items" for 127.0.0.1 at 2018-05-21 23:50:26 -0400
Processing by TodoItemsController#index as HTML
  Rendering todo_items/index.html.erb within layouts/application
  [1m[36mTodoItem Load (0.3ms)[0m  [1m[34mSELECT "todo_items".* FROM "todo_items"[0m
  ↳ app/views/todo_items/index.html.erb:14
  Rendered todo_items/index.html.erb within layouts/application (2.3ms)
Completed 200 OK in 44ms (Views: 39.2ms | ActiveRecord: 0.3ms)


Started GET "/todo_items.json" for 127.0.0.1 at 2018-05-21 23:51:15 -0400
Processing by TodoItemsController#index as JSON
  Rendering todo_items/index.json.jbuilder
  [1m[36mTodoItem Load (0.3ms)[0m  [1m[34mSELECT "todo_items".* FROM "todo_items"[0m
  ↳ app/views/todo_items/index.json.jbuilder:1
  Rendered todo_items/index.json.jbuilder (40.5ms)
Completed 200 OK in 58ms (Views: 53.3ms | ActiveRecord: 0.3ms)


Started GET "/" for 127.0.0.1 at 2018-05-23 16:41:05 -0400
  
ActiveRecord::NoDatabaseError (FATAL:  database "wyncode-todo-development" does not exist
):
  
activerecord (5.2.0) lib/active_record/connection_adapters/postgresql_adapter.rb:688:in `rescue in connect'
activerecord (5.2.0) lib/active_record/connection_adapters/postgresql_adapter.rb:683:in `connect'
activerecord (5.2.0) lib/active_record/connection_adapters/postgresql_adapter.rb:215:in `initialize'
activerecord (5.2.0) lib/active_record/connection_adapters/postgresql_adapter.rb:40:in `new'
activerecord (5.2.0) lib/active_record/connection_adapters/postgresql_adapter.rb:40:in `postgresql_connection'
activerecord (5.2.0) lib/active_record/connection_adapters/abstract/connection_pool.rb:809:in `new_connection'
activerecord (5.2.0) lib/active_record/connection_adapters/abstract/connection_pool.rb:853:in `checkout_new_connection'
activerecord (5.2.0) lib/active_record/connection_adapters/abstract/connection_pool.rb:832:in `try_to_checkout_new_connection'
activerecord (5.2.0) lib/active_record/connection_adapters/abstract/connection_pool.rb:793:in `acquire_connection'
activerecord (5.2.0) lib/active_record/connection_adapters/abstract/connection_pool.rb:521:in `checkout'
activerecord (5.2.0) lib/active_record/connection_adapters/abstract/connection_pool.rb:380:in `connection'
activerecord (5.2.0) lib/active_record/connection_adapters/abstract/connection_pool.rb:1008:in `retrieve_connection'
activerecord (5.2.0) lib/active_record/connection_handling.rb:118:in `retrieve_connection'
activerecord (5.2.0) lib/active_record/connection_handling.rb:90:in `connection'
activerecord (5.2.0) lib/active_record/migration.rb:554:in `call'
actionpack (5.2.0) lib/action_dispatch/middleware/callbacks.rb:28:in `block in call'
activesupport (5.2.0) lib/active_support/callbacks.rb:98:in `run_callbacks'
actionpack (5.2.0) lib/action_dispatch/middleware/callbacks.rb:26:in `call'
actionpack (5.2.0) lib/action_dispatch/middleware/executor.rb:14:in `call'
actionpack (5.2.0) lib/action_dispatch/middleware/debug_exceptions.rb:61:in `call'
web-console (3.6.2) lib/web_console/middleware.rb:135:in `call_app'
web-console (3.6.2) lib/web_console/middleware.rb:30:in `block in call'
web-console (3.6.2) lib/web_console/middleware.rb:20:in `catch'
web-console (3.6.2) lib/web_console/middleware.rb:20:in `call'
actionpack (5.2.0) lib/action_dispatch/middleware/show_exceptions.rb:33:in `call'
railties (5.2.0) lib/rails/rack/logger.rb:38:in `call_app'
railties (5.2.0) lib/rails/rack/logger.rb:26:in `block in call'
activesupport (5.2.0) lib/active_support/tagged_logging.rb:71:in `block in tagged'
activesupport (5.2.0) lib/active_support/tagged_logging.rb:28:in `tagged'
activesupport (5.2.0) lib/active_support/tagged_logging.rb:71:in `tagged'
railties (5.2.0) lib/rails/rack/logger.rb:26:in `call'
sprockets-rails (3.2.1) lib/sprockets/rails/quiet_assets.rb:13:in `call'
actionpack (5.2.0) lib/action_dispatch/middleware/remote_ip.rb:81:in `call'
actionpack (5.2.0) lib/action_dispatch/middleware/request_id.rb:27:in `call'
rack (2.0.5) lib/rack/method_override.rb:22:in `call'
rack (2.0.5) lib/rack/runtime.rb:22:in `call'
activesupport (5.2.0) lib/active_support/cache/strategy/local_cache_middleware.rb:29:in `call'
actionpack (5.2.0) lib/action_dispatch/middleware/executor.rb:14:in `call'
actionpack (5.2.0) lib/action_dispatch/middleware/static.rb:127:in `call'
rack (2.0.5) lib/rack/sendfile.rb:111:in `call'
railties (5.2.0) lib/rails/engine.rb:524:in `call'
puma (3.11.4) lib/puma/configuration.rb:225:in `call'
puma (3.11.4) lib/puma/server.rb:632:in `handle_request'
puma (3.11.4) lib/puma/server.rb:446:in `process_client'
puma (3.11.4) lib/puma/server.rb:306:in `block in run'
puma (3.11.4) lib/puma/thread_pool.rb:120:in `block in spawn_thread'
  [1m[35m (513.3ms)[0m  [1m[35mCREATE DATABASE "wyncode-todo-development" ENCODING = 'utf8'[0m
  ↳ bin/rails:9
  [1m[35m (410.8ms)[0m  [1m[35mCREATE DATABASE "wyncode-todo-test" ENCODING = 'utf8'[0m
  ↳ bin/rails:9
  [1m[35m (36.0ms)[0m  [1m[35mCREATE TABLE "schema_migrations" ("version" character varying NOT NULL PRIMARY KEY)[0m
  ↳ bin/rails:9
  [1m[35m (17.9ms)[0m  [1m[35mCREATE TABLE "ar_internal_metadata" ("key" character varying NOT NULL PRIMARY KEY, "value" character varying, "created_at" timestamp NOT NULL, "updated_at" timestamp NOT NULL)[0m
  ↳ bin/rails:9
  [1m[35m (0.4ms)[0m  [1m[34mSELECT pg_try_advisory_lock(3167984520927904965)[0m
  ↳ bin/rails:9
  [1m[35m (1.0ms)[0m  [1m[34mSELECT "schema_migrations"."version" FROM "schema_migrations" ORDER BY "schema_migrations"."version" ASC[0m
  ↳ bin/rails:9
Migrating to CreateTodoItems (20180522033946)
  [1m[35m (0.3ms)[0m  [1m[35mBEGIN[0m
  ↳ bin/rails:9
  [1m[35m (22.0ms)[0m  [1m[35mCREATE TABLE "todo_items" ("id" bigserial primary key, "description" character varying, "created_at" timestamp NOT NULL, "updated_at" timestamp NOT NULL)[0m
  ↳ db/migrate/20180522033946_create_todo_items.rb:3
  [1m[36mActiveRecord::SchemaMigration Create (12.0ms)[0m  [1m[32mINSERT INTO "schema_migrations" ("version") VALUES ($1) RETURNING "version"[0m  [["version", "20180522033946"]]
  ↳ bin/rails:9
  [1m[35m (2.3ms)[0m  [1m[35mCOMMIT[0m
  ↳ bin/rails:9
  [1m[36mActiveRecord::InternalMetadata Load (3.7ms)[0m  [1m[34mSELECT  "ar_internal_metadata".* FROM "ar_internal_metadata" WHERE "ar_internal_metadata"."key" = $1 LIMIT $2[0m  [["key", "environment"], ["LIMIT", 1]]
  ↳ bin/rails:9
  [1m[35m (0.2ms)[0m  [1m[35mBEGIN[0m
  ↳ bin/rails:9
  [1m[36mActiveRecord::InternalMetadata Create (3.0ms)[0m  [1m[32mINSERT INTO "ar_internal_metadata" ("key", "value", "created_at", "updated_at") VALUES ($1, $2, $3, $4) RETURNING "key"[0m  [["key", "environment"], ["value", "development"], ["created_at", "2018-05-23 20:42:08.474329"], ["updated_at", "2018-05-23 20:42:08.474329"]]
  ↳ bin/rails:9
  [1m[35m (2.2ms)[0m  [1m[35mCOMMIT[0m
  ↳ bin/rails:9
  [1m[35m (0.3ms)[0m  [1m[34mSELECT pg_advisory_unlock(3167984520927904965)[0m
  ↳ bin/rails:9
  [1m[35m (0.4ms)[0m  [1m[34mSELECT "schema_migrations"."version" FROM "schema_migrations" ORDER BY "schema_migrations"."version" ASC[0m
  ↳ bin/rails:9
Started GET "/" for 127.0.0.1 at 2018-05-23 16:42:22 -0400
  [1m[35m (1.4ms)[0m  [1m[34mSELECT "schema_migrations"."version" FROM "schema_migrations" ORDER BY "schema_migrations"."version" ASC[0m
  ↳ /usr/local/lib/ruby/gems/2.5.0/gems/activerecord-5.2.0/lib/active_record/log_subscriber.rb:98
Processing by TodoItemsController#index as HTML
  Rendering todo_items/index.html.erb within layouts/application
  [1m[36mTodoItem Load (0.9ms)[0m  [1m[34mSELECT "todo_items".* FROM "todo_items"[0m
  ↳ app/views/todo_items/index.html.erb:14
  Rendered todo_items/index.html.erb within layouts/application (10.1ms)
Completed 200 OK in 584ms (Views: 551.4ms | ActiveRecord: 4.0ms)


Started GET "/todo_items/new" for 127.0.0.1 at 2018-05-23 16:42:28 -0400
Processing by TodoItemsController#new as HTML
  Rendering todo_items/new.html.erb within layouts/application
  Rendered todo_items/_form.html.erb (37.0ms)
  Rendered todo_items/new.html.erb within layouts/application (43.5ms)
Completed 200 OK in 106ms (Views: 80.7ms | ActiveRecord: 9.6ms)


Started POST "/todo_items" for 127.0.0.1 at 2018-05-23 16:42:33 -0400
Processing by TodoItemsController#create as HTML
  Parameters: {"utf8"=>"✓", "authenticity_token"=>"y0qZU1qSsKW/mQxgyPeEzmtZZSOjfh2g0Q/jvW9dvIwx40JmKvUGOdTQ8kS0Y0EhBlBNEbkEiuGg0rTSAmzLvw==", "todo_item"=>{"description"=>"hello"}, "commit"=>"Create Todo item"}
  [1m[35m (0.2ms)[0m  [1m[35mBEGIN[0m
  ↳ app/controllers/todo_items_controller.rb:30
  [1m[36mTodoItem Create (1.6ms)[0m  [1m[32mINSERT INTO "todo_items" ("description", "created_at", "updated_at") VALUES ($1, $2, $3) RETURNING "id"[0m  [["description", "hello"], ["created_at", "2018-05-23 20:42:33.683167"], ["updated_at", "2018-05-23 20:42:33.683167"]]
  ↳ app/controllers/todo_items_controller.rb:30
  [1m[35m (2.5ms)[0m  [1m[35mCOMMIT[0m
  ↳ app/controllers/todo_items_controller.rb:30
Redirected to http://localhost:3000/todo_items/1
Completed 302 Found in 12ms (ActiveRecord: 4.4ms)


Started GET "/todo_items/1" for 127.0.0.1 at 2018-05-23 16:42:33 -0400
Processing by TodoItemsController#show as HTML
  Parameters: {"id"=>"1"}
  [1m[36mTodoItem Load (0.7ms)[0m  [1m[34mSELECT  "todo_items".* FROM "todo_items" WHERE "todo_items"."id" = $1 LIMIT $2[0m  [["id", 1], ["LIMIT", 1]]
  ↳ app/controllers/todo_items_controller.rb:67
  Rendering todo_items/show.html.erb within layouts/application
  Rendered todo_items/show.html.erb within layouts/application (1.3ms)
Completed 200 OK in 51ms (Views: 37.5ms | ActiveRecord: 1.0ms)


Started GET "/todo_items" for 127.0.0.1 at 2018-05-23 16:42:35 -0400
Processing by TodoItemsController#index as HTML
  Rendering todo_items/index.html.erb within layouts/application
  [1m[36mTodoItem Load (0.5ms)[0m  [1m[34mSELECT "todo_items".* FROM "todo_items"[0m
  ↳ app/views/todo_items/index.html.erb:14
  Rendered todo_items/index.html.erb within layouts/application (2.8ms)
Completed 200 OK in 44ms (Views: 39.1ms | ActiveRecord: 0.5ms)


Started GET "/todo_items" for 127.0.0.1 at 2018-05-23 16:44:11 -0400
Processing by TodoItemsController#index as HTML
  Rendering todo_items/index.html.erb within layouts/application
  [1m[36mTodoItem Load (0.5ms)[0m  [1m[34mSELECT "todo_items".* FROM "todo_items"[0m
  ↳ app/views/todo_items/index.html.erb:14
  Rendered todo_items/index.html.erb within layouts/application (2.5ms)
Completed 200 OK in 68ms (Views: 63.5ms | ActiveRecord: 0.5ms)


Started GET "/todo_items" for 127.0.0.1 at 2018-05-23 16:44:25 -0400
Processing by TodoItemsController#index as HTML
  Rendering todo_items/index.html.erb within layouts/application
  [1m[36mTodoItem Load (0.4ms)[0m  [1m[34mSELECT "todo_items".* FROM "todo_items"[0m
  ↳ app/views/todo_items/index.html.erb:14
  Rendered todo_items/index.html.erb within layouts/application (2.7ms)
Completed 200 OK in 102ms (Views: 96.9ms | ActiveRecord: 0.4ms)


Started GET "/todo_items" for 127.0.0.1 at 2018-05-23 16:44:37 -0400
Processing by TodoItemsController#index as HTML
  Rendering todo_items/index.html.erb within layouts/application
  [1m[36mTodoItem Load (0.5ms)[0m  [1m[34mSELECT "todo_items".* FROM "todo_items"[0m
  ↳ app/views/todo_items/index.html.erb:14
  Rendered todo_items/index.html.erb within layouts/application (3.3ms)
Completed 200 OK in 84ms (Views: 79.2ms | ActiveRecord: 0.5ms)


Started GET "/todo_items" for 127.0.0.1 at 2018-05-23 16:44:44 -0400
Processing by TodoItemsController#index as HTML
  Rendering todo_items/index.html.erb within layouts/application
  [1m[36mTodoItem Load (0.4ms)[0m  [1m[34mSELECT "todo_items".* FROM "todo_items"[0m
  ↳ app/views/todo_items/index.html.erb:14
  Rendered todo_items/index.html.erb within layouts/application (2.9ms)
Completed 200 OK in 137ms (Views: 129.7ms | ActiveRecord: 0.4ms)


Started GET "/todo_items" for 127.0.0.1 at 2018-05-23 16:44:57 -0400
Processing by TodoItemsController#index as HTML
  Rendering todo_items/index.html.erb within layouts/application
  [1m[36mTodoItem Load (0.8ms)[0m  [1m[34mSELECT "todo_items".* FROM "todo_items"[0m
  ↳ app/views/todo_items/index.html.erb:14
  Rendered todo_items/index.html.erb within layouts/application (4.2ms)
Completed 200 OK in 89ms (Views: 84.0ms | ActiveRecord: 0.8ms)


Started GET "/todo_items/new" for 127.0.0.1 at 2018-05-23 16:45:19 -0400
Processing by TodoItemsController#new as HTML
  Rendering todo_items/new.html.erb within layouts/application
  Rendered todo_items/_form.html.erb (2.7ms)
  Rendered todo_items/new.html.erb within layouts/application (9.2ms)
Completed 200 OK in 55ms (Views: 51.0ms | ActiveRecord: 0.0ms)


Started GET "/todo_items/new" for 127.0.0.1 at 2018-05-23 16:46:53 -0400
Processing by TodoItemsController#new as HTML
  Rendering todo_items/new.html.erb within layouts/application
  Rendered todo_items/_form.html.erb (4.4ms)
  Rendered todo_items/new.html.erb within layouts/application (10.9ms)
Completed 200 OK in 140ms (Views: 134.9ms | ActiveRecord: 0.0ms)


Started GET "/todo_items/new" for 127.0.0.1 at 2018-05-23 16:47:00 -0400
Processing by TodoItemsController#new as HTML
  Rendering todo_items/new.html.erb within layouts/application
  Rendered todo_items/_form.html.erb (3.1ms)
  Rendered todo_items/new.html.erb within layouts/application (7.0ms)
Completed 200 OK in 106ms (Views: 101.2ms | ActiveRecord: 0.0ms)


Started GET "/todo_items/new" for 127.0.0.1 at 2018-05-23 16:47:38 -0400
Processing by TodoItemsController#new as HTML
  Rendering todo_items/new.html.erb within layouts/application
  Rendered todo_items/_form.html.erb (3.0ms)
  Rendered todo_items/new.html.erb within layouts/application (10.9ms)
Completed 200 OK in 116ms (Views: 109.9ms | ActiveRecord: 0.0ms)


Started GET "/todo_items/new" for 127.0.0.1 at 2018-05-23 16:47:46 -0400
Processing by TodoItemsController#new as HTML
  Rendering todo_items/new.html.erb within layouts/application
  Rendered todo_items/_form.html.erb (2.1ms)
  Rendered todo_items/new.html.erb within layouts/application (6.1ms)
Completed 200 OK in 77ms (Views: 72.1ms | ActiveRecord: 0.0ms)


Started GET "/todo_items/new" for 127.0.0.1 at 2018-05-23 16:47:58 -0400
Processing by TodoItemsController#new as HTML
  Rendering todo_items/new.html.erb within layouts/application
  Rendered todo_items/_form.html.erb (3.0ms)
  Rendered todo_items/new.html.erb within layouts/application (7.9ms)
Completed 200 OK in 77ms (Views: 73.0ms | ActiveRecord: 0.0ms)


Started GET "/todo_items/new" for 127.0.0.1 at 2018-05-23 16:48:08 -0400
Processing by TodoItemsController#new as HTML
  Rendering todo_items/new.html.erb within layouts/application
  Rendered todo_items/_form.html.erb (2.7ms)
  Rendered todo_items/new.html.erb within layouts/application (6.7ms)
Completed 200 OK in 80ms (Views: 75.5ms | ActiveRecord: 0.0ms)


Started GET "/todo_items/new" for 127.0.0.1 at 2018-05-23 16:48:14 -0400
Processing by TodoItemsController#new as HTML
  Rendering todo_items/new.html.erb within layouts/application
  Rendered todo_items/_form.html.erb (2.2ms)
  Rendered todo_items/new.html.erb within layouts/application (6.0ms)
Completed 200 OK in 55ms (Views: 50.9ms | ActiveRecord: 0.0ms)


Started GET "/todo_items/new" for 127.0.0.1 at 2018-05-23 16:48:31 -0400
Processing by TodoItemsController#new as HTML
  Rendering todo_items/new.html.erb within layouts/application
  Rendered todo_items/_form.html.erb (2.7ms)
  Rendered todo_items/new.html.erb within layouts/application (6.9ms)
Completed 200 OK in 87ms (Views: 82.6ms | ActiveRecord: 0.0ms)


Started GET "/todo_items/new" for 127.0.0.1 at 2018-05-23 16:48:55 -0400
Processing by TodoItemsController#new as HTML
  Rendering todo_items/new.html.erb within layouts/application
  Rendered todo_items/_form.html.erb (2.4ms)
  Rendered todo_items/new.html.erb within layouts/application (6.2ms)
Completed 200 OK in 77ms (Views: 72.1ms | ActiveRecord: 0.0ms)


Started GET "/todo_items/new" for 127.0.0.1 at 2018-05-23 16:49:06 -0400
Processing by TodoItemsController#new as HTML
  Rendering todo_items/new.html.erb within layouts/application
  Rendered todo_items/_form.html.erb (3.1ms)
  Rendered todo_items/new.html.erb within layouts/application (8.1ms)
Completed 200 OK in 58ms (Views: 53.2ms | ActiveRecord: 0.0ms)


Started GET "/todo_items/new" for 127.0.0.1 at 2018-05-23 16:49:23 -0400
Processing by TodoItemsController#new as HTML
  Rendering todo_items/new.html.erb within layouts/application
  Rendered todo_items/_form.html.erb (2.1ms)
  Rendered todo_items/new.html.erb within layouts/application (6.0ms)
Completed 200 OK in 76ms (Views: 71.9ms | ActiveRecord: 0.0ms)


Started GET "/todo_items/new" for 127.0.0.1 at 2018-05-23 16:49:41 -0400
Processing by TodoItemsController#new as HTML
  Rendering todo_items/new.html.erb within layouts/application
  Rendered todo_items/_form.html.erb (3.2ms)
  Rendered todo_items/new.html.erb within layouts/application (7.4ms)
Completed 200 OK in 98ms (Views: 94.1ms | ActiveRecord: 0.0ms)


Started GET "/todo_items/new" for 127.0.0.1 at 2018-05-23 16:49:52 -0400
Processing by TodoItemsController#new as HTML
  Rendering todo_items/new.html.erb within layouts/application
  Rendered todo_items/_form.html.erb (2.5ms)
  Rendered todo_items/new.html.erb within layouts/application (6.7ms)
Completed 200 OK in 83ms (Views: 78.0ms | ActiveRecord: 0.0ms)


Started GET "/todo_items/new" for 127.0.0.1 at 2018-05-23 16:50:22 -0400
Processing by TodoItemsController#new as HTML
  Rendering todo_items/new.html.erb within layouts/application
  Rendered todo_items/_form.html.erb (2.1ms)
  Rendered todo_items/new.html.erb within layouts/application (6.2ms)
Completed 200 OK in 90ms (Views: 86.1ms | ActiveRecord: 0.0ms)


Started POST "/todo_items" for 127.0.0.1 at 2018-05-23 16:51:38 -0400
Processing by TodoItemsController#create as HTML
  Parameters: {"utf8"=>"✓", "authenticity_token"=>"4F5heaPTuNXA6kwmCo5tSvXE1eMrOOgcpct68xMWaNNzUcCwvYwR6yJ+DSKDwM5CwPyJXoJ/AAn9ZNVGQw9CzQ==", "todo_item"=>{"description"=>""}, "commit"=>"Create Todo item"}
  [1m[35m (0.2ms)[0m  [1m[35mBEGIN[0m
  ↳ app/controllers/todo_items_controller.rb:30
  [1m[36mTodoItem Create (0.5ms)[0m  [1m[32mINSERT INTO "todo_items" ("description", "created_at", "updated_at") VALUES ($1, $2, $3) RETURNING "id"[0m  [["description", ""], ["created_at", "2018-05-23 20:51:38.789439"], ["updated_at", "2018-05-23 20:51:38.789439"]]
  ↳ app/controllers/todo_items_controller.rb:30
  [1m[35m (2.5ms)[0m  [1m[35mCOMMIT[0m
  ↳ app/controllers/todo_items_controller.rb:30
Redirected to http://localhost:3000/todo_items/2
Completed 302 Found in 7ms (ActiveRecord: 3.2ms)


Started GET "/todo_items/2" for 127.0.0.1 at 2018-05-23 16:51:38 -0400
Processing by TodoItemsController#show as HTML
  Parameters: {"id"=>"2"}
  [1m[36mTodoItem Load (0.5ms)[0m  [1m[34mSELECT  "todo_items".* FROM "todo_items" WHERE "todo_items"."id" = $1 LIMIT $2[0m  [["id", 2], ["LIMIT", 1]]
  ↳ app/controllers/todo_items_controller.rb:67
  Rendering todo_items/show.html.erb within layouts/application
  Rendered todo_items/show.html.erb within layouts/application (0.9ms)
Completed 200 OK in 53ms (Views: 47.5ms | ActiveRecord: 0.5ms)


Started GET "/todo_items" for 127.0.0.1 at 2018-05-23 16:51:40 -0400
Processing by TodoItemsController#index as HTML
  Rendering todo_items/index.html.erb within layouts/application
  [1m[36mTodoItem Load (0.6ms)[0m  [1m[34mSELECT "todo_items".* FROM "todo_items"[0m
  ↳ app/views/todo_items/index.html.erb:14
  Rendered todo_items/index.html.erb within layouts/application (3.8ms)
Completed 200 OK in 43ms (Views: 36.9ms | ActiveRecord: 0.6ms)


Started GET "/todo_items/new" for 127.0.0.1 at 2018-05-23 16:51:49 -0400
Processing by TodoItemsController#new as HTML
  Rendering todo_items/new.html.erb within layouts/application
  Rendered todo_items/_form.html.erb (2.2ms)
  Rendered todo_items/new.html.erb within layouts/application (6.3ms)
Completed 200 OK in 48ms (Views: 44.0ms | ActiveRecord: 0.0ms)


Started POST "/todo_items" for 127.0.0.1 at 2018-05-23 16:51:54 -0400
Processing by TodoItemsController#create as HTML
  Parameters: {"utf8"=>"✓", "authenticity_token"=>"7DyMw644bIsgfDrIr3pTRaehUGmrZaeX5g5EzLMvH4kWlVf23l/aF0s1xOzT7paqyqh4W7EfMNaX0xOj3h5oug==", "todo_item"=>{"description"=>"hola"}, "commit"=>"Create Todo item"}
  [1m[35m (0.9ms)[0m  [1m[35mBEGIN[0m
  ↳ app/controllers/todo_items_controller.rb:30
  [1m[36mTodoItem Create (1.0ms)[0m  [1m[32mINSERT INTO "todo_items" ("description", "created_at", "updated_at") VALUES ($1, $2, $3) RETURNING "id"[0m  [["description", "hola"], ["created_at", "2018-05-23 20:51:54.272710"], ["updated_at", "2018-05-23 20:51:54.272710"]]
  ↳ app/controllers/todo_items_controller.rb:30
  [1m[35m (2.2ms)[0m  [1m[35mCOMMIT[0m
  ↳ app/controllers/todo_items_controller.rb:30
Redirected to http://localhost:3000/todo_items/3
Completed 302 Found in 10ms (ActiveRecord: 4.1ms)


Started GET "/todo_items/3" for 127.0.0.1 at 2018-05-23 16:51:54 -0400
Processing by TodoItemsController#show as HTML
  Parameters: {"id"=>"3"}
  [1m[36mTodoItem Load (0.6ms)[0m  [1m[34mSELECT  "todo_items".* FROM "todo_items" WHERE "todo_items"."id" = $1 LIMIT $2[0m  [["id", 3], ["LIMIT", 1]]
  ↳ app/controllers/todo_items_controller.rb:67
  Rendering todo_items/show.html.erb within layouts/application
  Rendered todo_items/show.html.erb within layouts/application (0.9ms)
Completed 200 OK in 50ms (Views: 43.9ms | ActiveRecord: 0.6ms)


Started GET "/todo_items" for 127.0.0.1 at 2018-05-23 16:51:55 -0400
Processing by TodoItemsController#index as HTML
  Rendering todo_items/index.html.erb within layouts/application
  [1m[36mTodoItem Load (0.5ms)[0m  [1m[34mSELECT "todo_items".* FROM "todo_items"[0m
  ↳ app/views/todo_items/index.html.erb:14
  Rendered todo_items/index.html.erb within layouts/application (3.1ms)
Completed 200 OK in 41ms (Views: 36.4ms | ActiveRecord: 0.4ms)


Started GET "/todo_items" for 127.0.0.1 at 2018-05-23 16:52:13 -0400
Processing by TodoItemsController#index as HTML
  Rendering todo_items/index.html.erb within layouts/application
  [1m[36mTodoItem Load (0.5ms)[0m  [1m[34mSELECT "todo_items".* FROM "todo_items"[0m
  ↳ app/views/todo_items/index.html.erb:14
  Rendered todo_items/index.html.erb within layouts/application (4.6ms)
Completed 200 OK in 89ms (Views: 83.7ms | ActiveRecord: 0.5ms)


Started GET "/todo_items" for 127.0.0.1 at 2018-05-23 16:52:28 -0400
Processing by TodoItemsController#index as HTML
  Rendering todo_items/index.html.erb within layouts/application
  [1m[36mTodoItem Load (0.5ms)[0m  [1m[34mSELECT "todo_items".* FROM "todo_items"[0m
  ↳ app/views/todo_items/index.html.erb:14
  Rendered todo_items/index.html.erb within layouts/application (3.1ms)
Completed 200 OK in 82ms (Views: 77.3ms | ActiveRecord: 0.5ms)


Started GET "/todo_items" for 127.0.0.1 at 2018-05-23 16:53:21 -0400
Processing by TodoItemsController#index as HTML
  Rendering todo_items/index.html.erb within layouts/application
  [1m[36mTodoItem Load (0.4ms)[0m  [1m[34mSELECT "todo_items".* FROM "todo_items"[0m
  ↳ app/views/todo_items/index.html.erb:14
  Rendered todo_items/index.html.erb within layouts/application (3.2ms)
Completed 200 OK in 124ms (Views: 117.5ms | ActiveRecord: 0.4ms)


Started GET "/todo_items" for 127.0.0.1 at 2018-05-23 16:53:31 -0400
Processing by TodoItemsController#index as HTML
  Rendering todo_items/index.html.erb within layouts/application
  [1m[36mTodoItem Load (0.5ms)[0m  [1m[34mSELECT "todo_items".* FROM "todo_items"[0m
  ↳ app/views/todo_items/index.html.erb:14
  Rendered todo_items/index.html.erb within layouts/application (3.5ms)
Completed 200 OK in 103ms (Views: 98.3ms | ActiveRecord: 0.5ms)


Started GET "/todo_items/new" for 127.0.0.1 at 2018-05-23 16:53:33 -0400
Processing by TodoItemsController#new as HTML
  Rendering todo_items/new.html.erb within layouts/application
  Rendered todo_items/_form.html.erb (2.9ms)
  Rendered todo_items/new.html.erb within layouts/application (9.0ms)
Completed 200 OK in 53ms (Views: 46.2ms | ActiveRecord: 0.0ms)


Started GET "/todo_items/new" for 127.0.0.1 at 2018-05-23 16:53:40 -0400
Processing by TodoItemsController#new as HTML
  Rendering todo_items/new.html.erb within layouts/application
  Rendered todo_items/_form.html.erb (3.0ms)
  Rendered todo_items/new.html.erb within layouts/application (9.8ms)
Completed 200 OK in 99ms (Views: 94.5ms | ActiveRecord: 0.0ms)


Started GET "/todo_items/new" for 127.0.0.1 at 2018-05-23 16:53:51 -0400
Processing by TodoItemsController#new as HTML
  Rendering todo_items/new.html.erb within layouts/application
  Rendered todo_items/_form.html.erb (2.4ms)
  Rendered todo_items/new.html.erb within layouts/application (6.2ms)
Completed 200 OK in 141ms (Views: 136.4ms | ActiveRecord: 0.0ms)


Started POST "/todo_items" for 127.0.0.1 at 2018-05-23 16:53:58 -0400
Processing by TodoItemsController#create as HTML
  Parameters: {"utf8"=>"✓", "authenticity_token"=>"W0Jx3OWUijCg3sSmd3RnHjRPSsKFzJHhflkctAzI1WfITdAV+8sjDkJKhaL+OsQWAXcWfyyLefQm9rMBXNH/eQ==", "todo_item"=>{"description"=>"epa"}, "commit"=>"Create Todo item"}
  [1m[35m (0.3ms)[0m  [1m[35mBEGIN[0m
  ↳ app/controllers/todo_items_controller.rb:30
  [1m[36mTodoItem Create (0.6ms)[0m  [1m[32mINSERT INTO "todo_items" ("description", "created_at", "updated_at") VALUES ($1, $2, $3) RETURNING "id"[0m  [["description", "epa"], ["created_at", "2018-05-23 20:53:58.029932"], ["updated_at", "2018-05-23 20:53:58.029932"]]
  ↳ app/controllers/todo_items_controller.rb:30
  [1m[35m (2.6ms)[0m  [1m[35mCOMMIT[0m
  ↳ app/controllers/todo_items_controller.rb:30
Redirected to http://localhost:3000/todo_items/4
Completed 302 Found in 9ms (ActiveRecord: 3.5ms)


Started GET "/todo_items/4" for 127.0.0.1 at 2018-05-23 16:53:58 -0400
Processing by TodoItemsController#show as HTML
  Parameters: {"id"=>"4"}
  [1m[36mTodoItem Load (0.4ms)[0m  [1m[34mSELECT  "todo_items".* FROM "todo_items" WHERE "todo_items"."id" = $1 LIMIT $2[0m  [["id", 4], ["LIMIT", 1]]
  ↳ app/controllers/todo_items_controller.rb:67
  Rendering todo_items/show.html.erb within layouts/application
  Rendered todo_items/show.html.erb within layouts/application (0.9ms)
Completed 200 OK in 47ms (Views: 40.0ms | ActiveRecord: 0.4ms)


Started GET "/todo_items" for 127.0.0.1 at 2018-05-23 16:54:00 -0400
Processing by TodoItemsController#index as HTML
  Rendering todo_items/index.html.erb within layouts/application
  [1m[36mTodoItem Load (0.8ms)[0m  [1m[34mSELECT "todo_items".* FROM "todo_items"[0m
  ↳ app/views/todo_items/index.html.erb:14
  Rendered todo_items/index.html.erb within layouts/application (4.1ms)
Completed 200 OK in 46ms (Views: 37.9ms | ActiveRecord: 0.8ms)


Started GET "/todo_items/new" for 127.0.0.1 at 2018-05-23 16:54:14 -0400
Processing by TodoItemsController#new as HTML
  Rendering todo_items/new.html.erb within layouts/application
  Rendered todo_items/_form.html.erb (2.3ms)
  Rendered todo_items/new.html.erb within layouts/application (6.8ms)
Completed 200 OK in 68ms (Views: 63.3ms | ActiveRecord: 0.0ms)


Started GET "/todo_items/new" for 127.0.0.1 at 2018-05-23 16:54:33 -0400
Processing by TodoItemsController#new as HTML
  Rendering todo_items/new.html.erb within layouts/application
  Rendered todo_items/_form.html.erb (2.3ms)
  Rendered todo_items/new.html.erb within layouts/application (6.6ms)
Completed 200 OK in 106ms (Views: 102.0ms | ActiveRecord: 0.0ms)


Started GET "/todo_items" for 127.0.0.1 at 2018-05-23 16:54:36 -0400
Processing by TodoItemsController#index as HTML
  Rendering todo_items/index.html.erb within layouts/application
  [1m[36mTodoItem Load (0.5ms)[0m  [1m[34mSELECT "todo_items".* FROM "todo_items"[0m
  ↳ app/views/todo_items/index.html.erb:14
  Rendered todo_items/index.html.erb within layouts/application (3.4ms)
Completed 200 OK in 114ms (Views: 109.8ms | ActiveRecord: 0.5ms)


Started GET "/todo_items" for 127.0.0.1 at 2018-05-23 16:54:37 -0400
Processing by TodoItemsController#index as HTML
  Rendering todo_items/index.html.erb within layouts/application
  [1m[36mTodoItem Load (0.8ms)[0m  [1m[34mSELECT "todo_items".* FROM "todo_items"[0m
  ↳ app/views/todo_items/index.html.erb:14
  Rendered todo_items/index.html.erb within layouts/application (4.6ms)
Completed 200 OK in 69ms (Views: 40.5ms | ActiveRecord: 0.8ms)


Started GET "/todo_items" for 127.0.0.1 at 2018-05-23 16:54:45 -0400
Processing by TodoItemsController#index as HTML
  Rendering todo_items/index.html.erb within layouts/application
  [1m[36mTodoItem Load (0.5ms)[0m  [1m[34mSELECT "todo_items".* FROM "todo_items"[0m
  ↳ app/views/todo_items/index.html.erb:14
  Rendered todo_items/index.html.erb within layouts/application (4.1ms)
Completed 200 OK in 109ms (Views: 98.7ms | ActiveRecord: 0.5ms)


Started GET "/todo_items" for 127.0.0.1 at 2018-05-23 16:54:58 -0400
Processing by TodoItemsController#index as HTML
  Rendering todo_items/index.html.erb within layouts/application
  [1m[36mTodoItem Load (0.5ms)[0m  [1m[34mSELECT "todo_items".* FROM "todo_items"[0m
  ↳ app/views/todo_items/index.html.erb:14
  Rendered todo_items/index.html.erb within layouts/application (3.8ms)
Completed 200 OK in 107ms (Views: 102.5ms | ActiveRecord: 0.5ms)


Started GET "/todo_items" for 127.0.0.1 at 2018-05-23 16:55:02 -0400
Processing by TodoItemsController#index as HTML
  Rendering todo_items/index.html.erb within layouts/application
  [1m[36mTodoItem Load (0.6ms)[0m  [1m[34mSELECT "todo_items".* FROM "todo_items"[0m
  ↳ app/views/todo_items/index.html.erb:14
  Rendered todo_items/index.html.erb within layouts/application (3.7ms)
Completed 200 OK in 48ms (Views: 42.4ms | ActiveRecord: 0.6ms)


Started GET "/todo_items/new" for 127.0.0.1 at 2018-05-23 16:55:05 -0400
Processing by TodoItemsController#new as HTML
  Rendering todo_items/new.html.erb within layouts/application
  Rendered todo_items/_form.html.erb (5.4ms)
  Rendered todo_items/new.html.erb within layouts/application (9.2ms)
Completed 200 OK in 56ms (Views: 50.5ms | ActiveRecord: 0.0ms)


Started GET "/todo_items" for 127.0.0.1 at 2018-05-23 16:55:13 -0400
Processing by TodoItemsController#index as HTML
  Rendering todo_items/index.html.erb within layouts/application
  [1m[36mTodoItem Load (0.6ms)[0m  [1m[34mSELECT "todo_items".* FROM "todo_items"[0m
  ↳ app/views/todo_items/index.html.erb:14
  Rendered todo_items/index.html.erb within layouts/application (4.6ms)
Completed 200 OK in 70ms (Views: 64.2ms | ActiveRecord: 0.6ms)


Started GET "/todo_items/new" for 127.0.0.1 at 2018-05-23 16:55:19 -0400
Processing by TodoItemsController#new as HTML
  Rendering todo_items/new.html.erb within layouts/application
  Rendered todo_items/_form.html.erb (3.4ms)
  Rendered todo_items/new.html.erb within layouts/application (7.9ms)
Completed 200 OK in 70ms (Views: 64.8ms | ActiveRecord: 0.0ms)


Started GET "/todo_items" for 127.0.0.1 at 2018-05-23 16:55:49 -0400
Processing by TodoItemsController#index as HTML
  Rendering todo_items/index.html.erb within layouts/application
  [1m[36mTodoItem Load (0.5ms)[0m  [1m[34mSELECT "todo_items".* FROM "todo_items"[0m
  ↳ app/views/todo_items/index.html.erb:14
  Rendered todo_items/index.html.erb within layouts/application (9.5ms)
Completed 200 OK in 122ms (Views: 116.4ms | ActiveRecord: 0.5ms)


Started GET "/todo_items" for 127.0.0.1 at 2018-05-23 16:55:49 -0400
Processing by TodoItemsController#index as HTML
  Rendering todo_items/index.html.erb within layouts/application
  [1m[36mTodoItem Load (0.6ms)[0m  [1m[34mSELECT "todo_items".* FROM "todo_items"[0m
  ↳ app/views/todo_items/index.html.erb:14
  Rendered todo_items/index.html.erb within layouts/application (6.6ms)
Completed 200 OK in 77ms (Views: 71.6ms | ActiveRecord: 0.6ms)


Started GET "/todo_items" for 127.0.0.1 at 2018-05-23 16:58:01 -0400
Processing by TodoItemsController#index as HTML
  Rendering todo_items/index.html.erb within layouts/application
  [1m[36mTodoItem Load (0.4ms)[0m  [1m[34mSELECT "todo_items".* FROM "todo_items"[0m
  ↳ app/views/todo_items/index.html.erb:14
  Rendered todo_items/index.html.erb within layouts/application (3.4ms)
Completed 200 OK in 214ms (Views: 208.0ms | ActiveRecord: 0.4ms)


Started GET "/todo_items" for 127.0.0.1 at 2018-05-23 16:58:18 -0400
Processing by TodoItemsController#index as HTML
  Rendering todo_items/index.html.erb within layouts/application
  [1m[36mTodoItem Load (0.5ms)[0m  [1m[34mSELECT "todo_items".* FROM "todo_items"[0m
  ↳ app/views/todo_items/index.html.erb:14
  Rendered todo_items/index.html.erb within layouts/application (4.2ms)
Completed 500 Internal Server Error in 34ms (ActiveRecord: 0.5ms)


  
SyntaxError (/Users/inaamengual/Desktop/wyncode/railsapp/todo/app/views/layouts/application.html.erb:13: syntax error, unexpected tIDENTIFIER, expecting ')'
...ppend=( image_tag 'image' width: 300px);@output_buffer.safe_...
...                          ^~~~~):
  
app/views/layouts/application.html.erb:13: syntax error, unexpected tIDENTIFIER, expecting ')'
Started GET "/todo_items" for 127.0.0.1 at 2018-05-23 16:58:25 -0400
Processing by TodoItemsController#index as HTML
  Rendering todo_items/index.html.erb within layouts/application
  [1m[36mTodoItem Load (0.5ms)[0m  [1m[34mSELECT "todo_items".* FROM "todo_items"[0m
  ↳ app/views/todo_items/index.html.erb:14
  Rendered todo_items/index.html.erb within layouts/application (4.0ms)
Completed 500 Internal Server Error in 20ms (ActiveRecord: 0.5ms)


  
SyntaxError (/Users/inaamengual/Desktop/wyncode/railsapp/todo/app/views/layouts/application.html.erb:13: syntax error, unexpected tIDENTIFIER, expecting ')'
...ppend=( image_tag 'image' width: 300px );@output_buffer.safe...
...                          ^~~~~):
  
app/views/layouts/application.html.erb:13: syntax error, unexpected tIDENTIFIER, expecting ')'
Started GET "/todo_items" for 127.0.0.1 at 2018-05-23 16:58:35 -0400
Processing by TodoItemsController#index as HTML
  Rendering todo_items/index.html.erb within layouts/application
  [1m[36mTodoItem Load (0.5ms)[0m  [1m[34mSELECT "todo_items".* FROM "todo_items"[0m
  ↳ app/views/todo_items/index.html.erb:14
  Rendered todo_items/index.html.erb within layouts/application (4.1ms)
Completed 500 Internal Server Error in 20ms (ActiveRecord: 0.5ms)


  
SyntaxError (/Users/inaamengual/Desktop/wyncode/railsapp/todo/app/views/layouts/application.html.erb:13: syntax error, unexpected tIDENTIFIER, expecting ')'
...ppend=( image_tag 'image' width: 300 );@output_buffer.safe_a...
...                          ^~~~~):
  
app/views/layouts/application.html.erb:13: syntax error, unexpected tIDENTIFIER, expecting ')'
Started GET "/todo_items" for 127.0.0.1 at 2018-05-23 16:59:20 -0400
Processing by TodoItemsController#index as HTML
  Rendering todo_items/index.html.erb within layouts/application
  [1m[36mTodoItem Load (0.5ms)[0m  [1m[34mSELECT "todo_items".* FROM "todo_items"[0m
  ↳ app/views/todo_items/index.html.erb:14
  Rendered todo_items/index.html.erb within layouts/application (3.8ms)
Completed 500 Internal Server Error in 19ms (ActiveRecord: 0.5ms)


  
SyntaxError (/Users/inaamengual/Desktop/wyncode/railsapp/todo/app/views/layouts/application.html.erb:13: syntax error, unexpected tIDENTIFIER, expecting ')'
...image_tag 'image', width: 300px );@output_buffer.safe_append...
...                             ^~):
  
app/views/layouts/application.html.erb:13: syntax error, unexpected tIDENTIFIER, expecting ')'
Started GET "/todo_items" for 127.0.0.1 at 2018-05-23 16:59:26 -0400
Processing by TodoItemsController#index as HTML
  Rendering todo_items/index.html.erb within layouts/application
  [1m[36mTodoItem Load (0.8ms)[0m  [1m[34mSELECT "todo_items".* FROM "todo_items"[0m
  ↳ app/views/todo_items/index.html.erb:14
  Rendered todo_items/index.html.erb within layouts/application (4.6ms)
Completed 500 Internal Server Error in 19ms (ActiveRecord: 0.8ms)


  
SyntaxError (/Users/inaamengual/Desktop/wyncode/railsapp/todo/app/views/layouts/application.html.erb:13: syntax error, unexpected tIDENTIFIER, expecting ')'
...image_tag 'image', width: 300px );@output_buffer.safe_append...
...                             ^~):
  
app/views/layouts/application.html.erb:13: syntax error, unexpected tIDENTIFIER, expecting ')'
Started GET "/todo_items" for 127.0.0.1 at 2018-05-23 16:59:39 -0400
Processing by TodoItemsController#index as HTML
  Rendering todo_items/index.html.erb within layouts/application
  [1m[36mTodoItem Load (0.5ms)[0m  [1m[34mSELECT "todo_items".* FROM "todo_items"[0m
  ↳ app/views/todo_items/index.html.erb:14
  Rendered todo_items/index.html.erb within layouts/application (3.7ms)
Completed 500 Internal Server Error in 18ms (ActiveRecord: 0.5ms)


  
SyntaxError (/Users/inaamengual/Desktop/wyncode/railsapp/todo/app/views/layouts/application.html.erb:13: syntax error, unexpected ',', expecting ')'
...er.append=( image_tag ('image', width: 300px) );@output_buff...
...                              ^):
  
app/views/layouts/application.html.erb:13: syntax error, unexpected ',', expecting ')'
Started GET "/todo_items" for 127.0.0.1 at 2018-05-23 16:59:44 -0400
Processing by TodoItemsController#index as HTML
  Rendering todo_items/index.html.erb within layouts/application
  [1m[36mTodoItem Load (0.5ms)[0m  [1m[34mSELECT "todo_items".* FROM "todo_items"[0m
  ↳ app/views/todo_items/index.html.erb:14
  Rendered todo_items/index.html.erb within layouts/application (4.0ms)
Completed 500 Internal Server Error in 20ms (ActiveRecord: 0.5ms)


  
SyntaxError (/Users/inaamengual/Desktop/wyncode/railsapp/todo/app/views/layouts/application.html.erb:13: syntax error, unexpected tIDENTIFIER, expecting ')'
...image_tag('image', width: 300px) );@output_buffer.safe_appen...
...                             ^~):
  
app/views/layouts/application.html.erb:13: syntax error, unexpected tIDENTIFIER, expecting ')'
Started GET "/todo_items" for 127.0.0.1 at 2018-05-23 16:59:53 -0400
Processing by TodoItemsController#index as HTML
  Rendering todo_items/index.html.erb within layouts/application
  [1m[36mTodoItem Load (0.4ms)[0m  [1m[34mSELECT "todo_items".* FROM "todo_items"[0m
  ↳ app/views/todo_items/index.html.erb:14
  Rendered todo_items/index.html.erb within layouts/application (3.3ms)
Completed 200 OK in 44ms (Views: 39.4ms | ActiveRecord: 0.4ms)


Started GET "/todo_items" for 127.0.0.1 at 2018-05-23 17:00:31 -0400
Processing by TodoItemsController#index as HTML
  Rendering todo_items/index.html.erb within layouts/application
  [1m[36mTodoItem Load (0.6ms)[0m  [1m[34mSELECT "todo_items".* FROM "todo_items"[0m
  ↳ app/views/todo_items/index.html.erb:14
  Rendered todo_items/index.html.erb within layouts/application (11.7ms)
Completed 200 OK in 54ms (Views: 49.7ms | ActiveRecord: 0.6ms)


Started GET "/todo_items/new" for 127.0.0.1 at 2018-05-23 17:00:43 -0400
Processing by TodoItemsController#new as HTML
  Rendering todo_items/new.html.erb within layouts/application
  Rendered todo_items/_form.html.erb (2.3ms)
  Rendered todo_items/new.html.erb within layouts/application (8.7ms)
Completed 200 OK in 48ms (Views: 40.3ms | ActiveRecord: 0.0ms)


Started GET "/todo_items/" for 127.0.0.1 at 2018-07-12 19:30:25 -0400
  [1m[35m (8.0ms)[0m  [1m[34mSELECT "schema_migrations"."version" FROM "schema_migrations" ORDER BY "schema_migrations"."version" ASC[0m
  ↳ /usr/local/lib/ruby/gems/2.5.0/gems/activerecord-5.2.0/lib/active_record/log_subscriber.rb:98
Processing by TodoItemsController#index as HTML
  Rendering todo_items/index.html.erb within layouts/application
  [1m[36mTodoItem Load (31.7ms)[0m  [1m[34mSELECT "todo_items".* FROM "todo_items"[0m
  ↳ app/views/todo_items/index.html.erb:14
  Rendered todo_items/index.html.erb within layouts/application (116.1ms)
Completed 200 OK in 664ms (Views: 544.2ms | ActiveRecord: 89.6ms)


Started GET "/" for 127.0.0.1 at 2018-07-12 19:30:29 -0400
Processing by TodoItemsController#index as HTML
  Rendering todo_items/index.html.erb within layouts/application
  [1m[36mTodoItem Load (0.9ms)[0m  [1m[34mSELECT "todo_items".* FROM "todo_items"[0m
  ↳ app/views/todo_items/index.html.erb:14
  Rendered todo_items/index.html.erb within layouts/application (3.5ms)
Completed 200 OK in 30ms (Views: 26.7ms | ActiveRecord: 0.9ms)


Started GET "/todo_items/new" for 127.0.0.1 at 2018-07-12 19:30:34 -0400
Processing by TodoItemsController#new as HTML
  Rendering todo_items/new.html.erb within layouts/application
  Rendered todo_items/_form.html.erb (53.3ms)
  Rendered todo_items/new.html.erb within layouts/application (61.2ms)
Completed 200 OK in 97ms (Views: 90.5ms | ActiveRecord: 0.0ms)


Started GET "/todo_items" for 127.0.0.1 at 2018-07-12 19:30:36 -0400
Processing by TodoItemsController#index as HTML
  Rendering todo_items/index.html.erb within layouts/application
  [1m[36mTodoItem Load (0.4ms)[0m  [1m[34mSELECT "todo_items".* FROM "todo_items"[0m
  ↳ app/views/todo_items/index.html.erb:14
  Rendered todo_items/index.html.erb within layouts/application (3.4ms)
Completed 200 OK in 44ms (Views: 37.7ms | ActiveRecord: 0.4ms)


